2025-09-03 11:59:00.502 | INFO     | backend.services.detection_image_youtube_slow:start:51 - Iniciando procesamiento para: https://www.youtube.com/watch?v=yLxSZgKhs0A
2025-09-03 11:59:09.239 | INFO     | backend.services.detection_image_youtube_slow:download_video:43 - Video descargado: data\uploads\Anuncio Mazda 3 2025.mp4
2025-09-03 11:59:09.354 | INFO     | backend.services.detection_image_youtube_slow:start:66 - Hilo de procesamiento iniciado
2025-09-03 11:59:10.214 | ERROR    | backend.services.detection_image_youtube_slow:_process_video:124 - Error en procesamiento: new row for relation "videos" violates check constraint "videos_type_check"
DETAIL:  Failing row contains (93, youtube, Anuncio Mazda 3 2025.mp4, 20.08, 2025-09-03 09:59:09.500776).

2025-09-03 11:59:10.217 | ERROR    | backend.services.detection_image_youtube_slow:_process_video:125 - Traceback (most recent call last):
  File "C:\Users\yaelp\Desktop\Yael\Bootcamp_FactoriaF5_IA_Promo4\Proyectos\Grupales\Brand_Detector_Project\backend\services\detection_image_youtube_slow.py", line 73, in _process_video
    id_video = db.insert_video(
  File "C:\Users\yaelp\Desktop\Yael\Bootcamp_FactoriaF5_IA_Promo4\Proyectos\Grupales\Brand_Detector_Project\backend\database\db_insertion_data.py", line 37, in insert_video
    cur.execute(
psycopg2.errors.CheckViolation: new row for relation "videos" violates check constraint "videos_type_check"
DETAIL:  Failing row contains (93, youtube, Anuncio Mazda 3 2025.mp4, 20.08, 2025-09-03 09:59:09.500776).


2025-09-03 12:07:21.384 | INFO     | backend.services.detection_image_youtube_slow:start:51 - Iniciando procesamiento para: https://www.youtube.com/watch?v=yLxSZgKhs0A
2025-09-03 12:07:29.427 | INFO     | backend.services.detection_image_youtube_slow:download_video:43 - Video descargado: data\uploads\Anuncio Mazda 3 2025.mp4
2025-09-03 12:07:29.456 | INFO     | backend.services.detection_image_youtube_slow:start:66 - Hilo de procesamiento iniciado
2025-09-03 12:20:34.109 | INFO     | backend.services.detection_image_youtube_slow:start:51 - Iniciando procesamiento para: https://www.youtube.com/watch?v=yLxSZgKhs0A
2025-09-03 12:20:38.643 | INFO     | backend.services.detection_image_youtube_slow:download_video:43 - Video descargado: data\uploads\Anuncio Mazda 3 2025.mp4
2025-09-03 12:20:38.658 | INFO     | backend.services.detection_image_youtube_slow:start:66 - Hilo de procesamiento iniciado
2025-09-03 12:25:33.224 | INFO     | backend.services.detection_image_youtube_slow:_process_video:121 - Procesamiento completado para video_id=96
2025-09-03 14:29:03.265 | INFO     | backend.services.detection_image_youtube_slow:start:51 - Iniciando procesamiento para: https://www.youtube.com/watch?v=M5LuoSVDm_o
2025-09-03 14:29:14.087 | INFO     | backend.services.detection_image_youtube_slow:download_video:43 - Video descargado: data\uploads\Nuevo Mazda CX-60 ｜ Crafted In Japan.mp4
2025-09-03 14:29:14.239 | INFO     | backend.services.detection_image_youtube_slow:start:66 - Hilo de procesamiento iniciado
2025-09-03 14:36:52.662 | INFO     | backend.services.detection_image_youtube_slow:_process_video:121 - Procesamiento completado para video_id=101
